C51 COMPILER V9.60.0.0   FIN_DHT11                                                         03/14/2022 18:08:37 PAGE 1   


C51 COMPILER V9.60.0.0, COMPILATION OF MODULE FIN_DHT11
OBJECT MODULE PLACED IN .\Objects\Fin_dht11.obj
COMPILER INVOKED BY: D:\EN\C51\BIN\C51.EXE Fin_dht11.c LARGE OPTIMIZE(8,SPEED) BROWSE DEBUG OBJECTEXTEND PRINT(.\Listing
                    -s\Fin_dht11.lst) TABS(2) OBJECT(.\Objects\Fin_dht11.obj)

line level    source

   1          #include"Fin_dht11.h"
   2          #include "Fin_12864.h"
   3          uchar rec_dat[2];   //用于显示的接收数据数组
   4          
   5          
   6          void DHT11_delay_us(uchar n) {
   7   1        while (--n);
   8   1      }
   9          
  10          void DHT11_delay_ms(uint z) {
  11   1        uint i, j;
  12   1        for (i = z; i > 0; i--)
  13   1          for (j = 110; j > 0; j--);
  14   1      }
  15          
  16          void DHT11_start() {
  17   1        DH = 1;
  18   1        DHT11_delay_us(2);
  19   1        DH = 0;
  20   1        DHT11_delay_ms(30);   //延时18ms以上
  21   1        DH = 1;
  22   1        DHT11_delay_us(30);
  23   1      }
  24          
  25          uchar DHT11_rec_byte() {    //接收一个字节
  26   1        uchar i, dat = 0;
  27   1        for (i = 0; i < 8; i++) { //从高到低依次接收8位数据
  28   2          while (!DH);  ////等待50us低电平过去
  29   2          DHT11_delay_us(8);     //延时60us，如果还为高则数据为1，否则为0
  30   2          dat <<= 1;         //移位使正确接收8位数据，数据为0时直接移位
  31   2          if (DH == 1) //数据为1时，使dat加1来接收数据1
  32   2            dat += 1;
  33   2          while (DH); //等待数据线拉低
  34   2        }
  35   1        return dat;
  36   1      }
  37          
  38          void DHT11_receive() {    //接收40位的数据
  39   1        uchar R_H, R_L, T_H, T_L, RH, TH, revise;//RL, TL,
  40   1        DHT11_start();
  41   1        if (DH == 0) {
  42   2          while (DH == 0); //等待拉高
  43   2          DHT11_delay_us(40);  //拉高后延时80us
  44   2          R_H = DHT11_rec_byte();  //接收湿度高八位
  45   2          R_L = DHT11_rec_byte();  //接收湿度低八位
  46   2          T_H = DHT11_rec_byte();  //接收温度高八位
  47   2          T_L = DHT11_rec_byte();  //接收温度低八位
  48   2          revise = DHT11_rec_byte(); //接收校正位
  49   2      
  50   2          DHT11_delay_us(25);    //结束
  51   2      
  52   2          if ((R_H + R_L + T_H + T_L) == revise) { //校正
  53   3            RH = R_H;
  54   3            TH = T_H;
C51 COMPILER V9.60.0.0   FIN_DHT11                                                         03/14/2022 18:08:37 PAGE 2   

  55   3          }
  56   2          /*数据处理，方便显示*/
  57   2              rec_dat[0]=RH;
  58   2              rec_dat[1]=TH;        
  59   2        }
  60   1      }
  61          
  62          void display_DHT11()
  63          {
  64   1          DHT11_receive();
  65   1          Show_number(0x98,rec_dat[1]);
  66   1          write_com(0x99);
  67   1          write_data(0x43);
  68   1          write_data(0x20);
  69   1          Show_number(0x9a,rec_dat[0]);
  70   1          Putstring(0x9b,"RH");
  71   1      }
  72          
  73          
  74          
  75          


MODULE INFORMATION:   STATIC OVERLAYABLE
   CODE SIZE        =    266    ----
   CONSTANT SIZE    =      3    ----
   XDATA SIZE       =      2       3
   PDATA SIZE       =   ----    ----
   DATA SIZE        =   ----    ----
   IDATA SIZE       =   ----    ----
   BIT SIZE         =   ----    ----
END OF MODULE INFORMATION.


C51 COMPILATION COMPLETE.  0 WARNING(S),  0 ERROR(S)
